Arguments: 
  /usr/bin/node /usr/bin/yarn

PATH: 
  /home/deep/.deno/bin:/home/deep/.deno/bin:/home/deep/.deno/bin:/home/deep/.local/bin:/home/deep/bin:/usr/local/bin:/usr/local/sbin:/usr/bin:/usr/sbin:/var/lib/snapd/snap/bin:/home/deep/Documents/flutter/flutter-sdk/flutter/bin:/home/deep/Android/Sdk/emulator:/home/deep/Android/Sdk/tools:/home/deep/Android/Sdk/tools/bin:/home/deep/Android/Sdk/platform-tools:/home/deep/Documents/flutter/flutter-sdk/flutter/bin:/home/deep/Android/Sdk/emulator:/home/deep/Android/Sdk/tools:/home/deep/Android/Sdk/tools/bin:/home/deep/Android/Sdk/platform-tools:/home/deep/Documents/flutter/flutter-sdk/flutter/bin:/home/deep/Android/Sdk/emulator:/home/deep/Android/Sdk/tools:/home/deep/Android/Sdk/tools/bin:/home/deep/Android/Sdk/platform-tools

Yarn version: 
  1.21.1

Node version: 
  12.16.3

Platform: 
  linux x64

Trace: 
  Error: https://registry.yarnpkg.com/react: ETIMEDOUT
      at Timeout._onTimeout (/usr/lib/node_modules/yarn/node_modules/request/request.js:849:19)
      at listOnTimeout (internal/timers.js:549:17)
      at processTimers (internal/timers.js:492:7)

npm manifest: 
  {
    "name": "d3-react",
    "version": "0.0.0",
    "scripts": {
      "dev": "vite",
      "build": "tsc && vite build",
      "serve": "vite preview"
    },
    "dependencies": {
      "react": "^17.0.0",
      "react-dom": "^17.0.0"
    },
    "devDependencies": {
      "@types/react": "^17.0.0",
      "@types/react-dom": "^17.0.0",
      "@vitejs/plugin-react-refresh": "^1.3.1",
      "typescript": "^4.1.2",
      "vite": "^2.1.3"
    }
  }

yarn manifest: 
  No manifest

Lockfile: 
  No lockfile
